<?xml version="1.0" encoding="utf-8"?><testsuites name="pytest tests"><testsuite name="pytest" errors="0" failures="0" skipped="0" tests="14" time="1.535" timestamp="2026-08-07T06:42:05.419372+00:00" hostname="agent-env-480c8b45-bcb5-472f-ae92-2b528a35938f"><testcase classname="tests.test_scan_engine" name="test_health" time="0.203" /><testcase classname="tests.test_scan_engine" name="test_text_clean" time="0.043" /><testcase classname="tests.test_scan_engine" name="test_text_medium" time="0.049" /><testcase classname="tests.test_scan_engine" name="test_text_high" time="0.080" /><testcase classname="tests.test_scan_engine" name="test_text_money_only" time="0.042" /><testcase classname="tests.test_scan_engine" name="test_photo_no_flags" time="0.040" /><testcase classname="tests.test_scan_engine" name="test_photo_5_flags_good" time="0.078" /><testcase classname="tests.test_scan_engine" name="test_photo_3_flags_poor" time="0.080" /><testcase classname="tests.test_scan_engine" name="test_profile_clean" time="0.040" /><testcase classname="tests.test_scan_engine" name="test_profile_elevated" time="0.080" /><testcase classname="tests.test_scan_engine" name="test_phone_mismatch" time="0.040" /><testcase classname="tests.test_scan_engine" name="test_full_scan_high" time="0.039" /><testcase classname="tests.test_scan_engine" name="test_full_scan_empty" time="0.040" /><testcase classname="tests.test_scan_engine" name="test_history_crud" time="0.369" /></testsuite></testsuites>